<?xml version="1.0" encoding="UTF-8"?>
<Site BuildName="(empty)"
	BuildStamp="20240605-0733-Experimental"
	Name="miracle-Ubuntu"
	Generator="ctest-3.22.1"
	CompilerName="/usr/bin/c++"
	CompilerVersion="11.4.0"
	OSName="Linux"
	Hostname="miracle-Ubuntu"
	OSRelease="6.5.0-35-generic"
	OSVersion="#35~22.04.1-Ubuntu SMP PREEMPT_DYNAMIC Tue May  7 09:00:52 UTC 2"
	OSPlatform="x86_64"
	Is64Bits="1"
	VendorString="AuthenticAMD"
	VendorID="Advanced Micro Devices"
	FamilyID="23"
	ModelID="24"
	ProcessorCacheSize="512"
	NumberOfLogicalCPU="8"
	NumberOfPhysicalCPU="4"
	TotalVirtualMemory="15624"
	TotalPhysicalMemory="14910"
	LogicalProcessorsPerPhysical="2"
	ProcessorClockFrequency="2962.81"
	>
	<Testing>
		<StartDateTime>Jun 06 00:22 BST</StartDateTime>
		<StartTestTime>1717629772</StartTestTime>
		<TestList/>
		<EndDateTime>Jun 06 00:22 BST</EndDateTime>
		<EndTestTime>1717629772</EndTestTime>
		<ElapsedMinutes>0</ElapsedMinutes>
	</Testing>
</Site>
